<?xml version="1.0" encoding="UTF-8"?><testsuite failures="0" name="cucumber.runtime.formatter.JUnitFormatter" skipped="0" tests="3" time="90.716347">
<testcase classname="Deal data creation" name="Cogmento CRM Create a new deal scenario" time="41.915757">
<system-out><![CDATA[Given user is already on Login page.........................................passed
When Title of login page is Cogmento CRM....................................passed
Then User enters "surabhi.gutch@gmail.com" and "May@2020"...................passed
Then User clicks on Login button............................................passed
Then User is on HomePage....................................................passed
Then user moves to new deal page............................................passed
Then user enters deal details "test deal1" and "1000" and "50" and "20".....passed
Then Close the browser......................................................passed
]]></system-out>
</testcase>
<testcase classname="Deal data creation" name="Cogmento CRM Create a new deal scenario 2" time="26.553536">
<system-out><![CDATA[Given user is already on Login page.........................................passed
When Title of login page is Cogmento CRM....................................passed
Then User enters "surabhi.gutch@gmail.com" and "May@2020"...................passed
Then User clicks on Login button............................................passed
Then User is on HomePage....................................................passed
Then user moves to new deal page............................................passed
Then user enters deal details "test deal2" and "2000" and "60" and "30".....passed
Then Close the browser......................................................passed
]]></system-out>
</testcase>
<testcase classname="Deal data creation" name="Cogmento CRM Create a new deal scenario 3" time="22.247054">
<system-out><![CDATA[Given user is already on Login page.........................................passed
When Title of login page is Cogmento CRM....................................passed
Then User enters "surabhi.gutch@gmail.com" and "May@2020"...................passed
Then User clicks on Login button............................................passed
Then User is on HomePage....................................................passed
Then user moves to new deal page............................................passed
Then user enters deal details "test deal3" and "3000" and "70" and "40".....passed
Then Close the browser......................................................passed
]]></system-out>
</testcase>
</testsuite>
